  Building 'BootStart' with toolset 'WindowsKernelModeDriver10.0' and the 'Universal' target platform.
  Stamping x64\Release\BootStart.inf
  Stamping [Version] section with DriverVer=10/07/2024,15.56.54.868
  Driver.cpp
  helpers.cpp
  mitigations.cpp
  Generating Code...
  BootStart.vcxproj -> H:\SteathUSBRootkit\BootStart\x64\Release\BootStart.sys
  Done Adding Additional Store
  Successfully signed: H:\SteathUSBRootkit\BootStart\x64\Release\BootStart.sys
  
  Driver is 'Universal'.
  ........................
  Signability test complete.
  
  Errors:
  None
  
  Warnings:
  None
  
  Catalog generation complete.
  H:\SteathUSBRootkit\BootStart\x64\Release\BootStart\bootstart.cat
  Done Adding Additional Store
  Successfully signed: H:\SteathUSBRootkit\BootStart\x64\Release\BootStart\bootstart.cat
  
